Analysis & Synthesis report for Neuronak_Network
Thu Jul 16 20:53:19 2026
Quartus Prime Version 25.1std.0 Build 1129 10/21/2025 SC Lite Edition


---------------------
; Table of Contents ;
---------------------
  1. Legal Notice
  2. Analysis & Synthesis Summary
  3. Analysis & Synthesis Settings
  4. Parallel Compilation
  5. Analysis & Synthesis Source Files Read
  6. Analysis & Synthesis Resource Usage Summary
  7. Analysis & Synthesis Resource Utilization by Entity
  8. Analysis & Synthesis RAM Summary
  9. State Machine - |fpga_top|neural_network_digits:uut|state
 10. Registers Removed During Synthesis
 11. Removed Registers Triggering Further Register Optimizations
 12. General Register Statistics
 13. Registers Added for RAM Pass-Through Logic
 14. Multiplexer Restructuring Statistics (Restructuring Performed)
 15. Source assignments for neural_network_digits:uut|altsyncram:n_oculta_rtl_0|altsyncram_egi1:auto_generated
 16. Parameter Settings for User Entity Instance: neural_network_digits:uut
 17. Parameter Settings for User Entity Instance: neural_network_digits:uut|fma_3:fmaxd
 18. Parameter Settings for Inferred Entity Instance: neural_network_digits:uut|altsyncram:n_oculta_rtl_0
 19. altsyncram Parameter Settings by Entity Instance
 20. Port Connectivity Checks: "neural_network_digits:uut|fma_3:fmaxd"
 21. Post-Synthesis Netlist Statistics for Top Partition
 22. Elapsed Time Per Partition
 23. Analysis & Synthesis Messages
 24. Analysis & Synthesis Suppressed Messages



----------------
; Legal Notice ;
----------------
Copyright (C) 2025  Altera Corporation. All rights reserved.
Your use of Altera Corporation's design tools, logic functions 
and other software and tools, and any partner logic 
functions, and any output files from any of the foregoing 
(including device programming or simulation files), and any 
associated documentation or information are expressly subject 
to the terms and conditions of the Altera Program License 
Subscription Agreement, the Altera Quartus Prime License Agreement,
the Altera IP License Agreement, or other applicable license
agreement, including, without limitation, that your use is for
the sole purpose of programming logic devices manufactured by
Altera and sold by Altera or its authorized distributors.  Please
refer to the Altera Software License Subscription Agreements 
on the Quartus Prime software download page.



+-----------------------------------------------------------------------------------+
; Analysis & Synthesis Summary                                                      ;
+---------------------------------+-------------------------------------------------+
; Analysis & Synthesis Status     ; Successful - Thu Jul 16 20:53:19 2026           ;
; Quartus Prime Version           ; 25.1std.0 Build 1129 10/21/2025 SC Lite Edition ;
; Revision Name                   ; Neuronak_Network                                ;
; Top-level Entity Name           ; fpga_top                                        ;
; Family                          ; Cyclone V                                       ;
; Logic utilization (in ALMs)     ; N/A                                             ;
; Total registers                 ; 374                                             ;
; Total pins                      ; 14                                              ;
; Total virtual pins              ; 0                                               ;
; Total block memory bits         ; 128                                             ;
; Total DSP Blocks                ; 0                                               ;
; Total HSSI RX PCSs              ; 0                                               ;
; Total HSSI PMA RX Deserializers ; 0                                               ;
; Total HSSI TX PCSs              ; 0                                               ;
; Total HSSI PMA TX Serializers   ; 0                                               ;
; Total PLLs                      ; 0                                               ;
; Total DLLs                      ; 0                                               ;
+---------------------------------+-------------------------------------------------+


+---------------------------------------------------------------------------------------------------------------------------+
; Analysis & Synthesis Settings                                                                                             ;
+---------------------------------------------------------------------------------+--------------------+--------------------+
; Option                                                                          ; Setting            ; Default Value      ;
+---------------------------------------------------------------------------------+--------------------+--------------------+
; Device                                                                          ; 5CGXFC7C7F23C8     ;                    ;
; Top-level entity name                                                           ; fpga_top           ; Neuronak_Network   ;
; Family name                                                                     ; Cyclone V          ; Cyclone V          ;
; Use smart compilation                                                           ; Off                ; Off                ;
; Enable parallel Assembler and Timing Analyzer during compilation                ; On                 ; On                 ;
; Enable compact report table                                                     ; Off                ; Off                ;
; Restructure Multiplexers                                                        ; Auto               ; Auto               ;
; MLAB Add Timing Constraints For Mixed-Port Feed-Through Mode Setting Don't Care ; Off                ; Off                ;
; Create Debugging Nodes for IP Cores                                             ; Off                ; Off                ;
; Preserve fewer node names                                                       ; On                 ; On                 ;
; Intel FPGA IP Evaluation Mode                                                   ; Enable             ; Enable             ;
; Verilog Version                                                                 ; Verilog_2001       ; Verilog_2001       ;
; VHDL Version                                                                    ; VHDL_1993          ; VHDL_1993          ;
; State Machine Processing                                                        ; Auto               ; Auto               ;
; Safe State Machine                                                              ; Off                ; Off                ;
; Extract Verilog State Machines                                                  ; On                 ; On                 ;
; Extract VHDL State Machines                                                     ; On                 ; On                 ;
; Ignore Verilog initial constructs                                               ; Off                ; Off                ;
; Iteration limit for constant Verilog loops                                      ; 5000               ; 5000               ;
; Iteration limit for non-constant Verilog loops                                  ; 250                ; 250                ;
; Add Pass-Through Logic to Inferred RAMs                                         ; On                 ; On                 ;
; Infer RAMs from Raw Logic                                                       ; On                 ; On                 ;
; Parallel Synthesis                                                              ; On                 ; On                 ;
; DSP Block Balancing                                                             ; Auto               ; Auto               ;
; NOT Gate Push-Back                                                              ; On                 ; On                 ;
; Power-Up Don't Care                                                             ; On                 ; On                 ;
; Remove Redundant Logic Cells                                                    ; Off                ; Off                ;
; Remove Duplicate Registers                                                      ; On                 ; On                 ;
; Ignore CARRY Buffers                                                            ; Off                ; Off                ;
; Ignore CASCADE Buffers                                                          ; Off                ; Off                ;
; Ignore GLOBAL Buffers                                                           ; Off                ; Off                ;
; Ignore ROW GLOBAL Buffers                                                       ; Off                ; Off                ;
; Ignore LCELL Buffers                                                            ; Off                ; Off                ;
; Ignore SOFT Buffers                                                             ; On                 ; On                 ;
; Limit AHDL Integers to 32 Bits                                                  ; Off                ; Off                ;
; Optimization Technique                                                          ; Balanced           ; Balanced           ;
; Carry Chain Length                                                              ; 70                 ; 70                 ;
; Auto Carry Chains                                                               ; On                 ; On                 ;
; Auto Open-Drain Pins                                                            ; On                 ; On                 ;
; Perform WYSIWYG Primitive Resynthesis                                           ; Off                ; Off                ;
; Auto ROM Replacement                                                            ; On                 ; On                 ;
; Auto RAM Replacement                                                            ; On                 ; On                 ;
; Auto DSP Block Replacement                                                      ; On                 ; On                 ;
; Auto Shift Register Replacement                                                 ; Auto               ; Auto               ;
; Allow Shift Register Merging across Hierarchies                                 ; Auto               ; Auto               ;
; Auto Clock Enable Replacement                                                   ; On                 ; On                 ;
; Strict RAM Replacement                                                          ; Off                ; Off                ;
; Allow Synchronous Control Signals                                               ; On                 ; On                 ;
; Force Use of Synchronous Clear Signals                                          ; Off                ; Off                ;
; Auto Resource Sharing                                                           ; Off                ; Off                ;
; Allow Any RAM Size For Recognition                                              ; Off                ; Off                ;
; Allow Any ROM Size For Recognition                                              ; Off                ; Off                ;
; Allow Any Shift Register Size For Recognition                                   ; Off                ; Off                ;
; Use LogicLock Constraints during Resource Balancing                             ; On                 ; On                 ;
; Ignore translate_off and synthesis_off directives                               ; Off                ; Off                ;
; Timing-Driven Synthesis                                                         ; On                 ; On                 ;
; Report Parameter Settings                                                       ; On                 ; On                 ;
; Report Source Assignments                                                       ; On                 ; On                 ;
; Report Connectivity Checks                                                      ; On                 ; On                 ;
; Ignore Maximum Fan-Out Assignments                                              ; Off                ; Off                ;
; Synchronization Register Chain Length                                           ; 3                  ; 3                  ;
; Power Optimization During Synthesis                                             ; Normal compilation ; Normal compilation ;
; HDL message level                                                               ; Level2             ; Level2             ;
; Suppress Register Optimization Related Messages                                 ; Off                ; Off                ;
; Number of Removed Registers Reported in Synthesis Report                        ; 5000               ; 5000               ;
; Number of Swept Nodes Reported in Synthesis Report                              ; 5000               ; 5000               ;
; Number of Inverted Registers Reported in Synthesis Report                       ; 100                ; 100                ;
; Clock MUX Protection                                                            ; On                 ; On                 ;
; Auto Gated Clock Conversion                                                     ; Off                ; Off                ;
; Block Design Naming                                                             ; Auto               ; Auto               ;
; SDC constraint protection                                                       ; Off                ; Off                ;
; Synthesis Effort                                                                ; Auto               ; Auto               ;
; Shift Register Replacement - Allow Asynchronous Clear Signal                    ; On                 ; On                 ;
; Pre-Mapping Resynthesis Optimization                                            ; Off                ; Off                ;
; Analysis & Synthesis Message Level                                              ; Medium             ; Medium             ;
; Disable Register Merging Across Hierarchies                                     ; Auto               ; Auto               ;
; Resource Aware Inference For Block RAM                                          ; On                 ; On                 ;
; Automatic Parallel Synthesis                                                    ; On                 ; On                 ;
; Partial Reconfiguration Bitstream ID                                            ; Off                ; Off                ;
+---------------------------------------------------------------------------------+--------------------+--------------------+


+------------------------------------------+
; Parallel Compilation                     ;
+----------------------------+-------------+
; Processors                 ; Number      ;
+----------------------------+-------------+
; Number detected on machine ; 8           ;
; Maximum allowed            ; 4           ;
;                            ;             ;
; Average used               ; 1.00        ;
; Maximum used               ; 4           ;
;                            ;             ;
; Usage by Processor         ; % Time Used ;
;     Processor 1            ; 100.0%      ;
;     Processor 2            ;   0.0%      ;
;     Processor 3            ;   0.0%      ;
;     Processor 4            ;   0.0%      ;
+----------------------------+-------------+


+-------------------------------------------------------------------------------------------------------------------------------------------------------------------------------------------+
; Analysis & Synthesis Source Files Read                                                                                                                                                    ;
+----------------------------------+-----------------+---------------------------------------------+------------------------------------------------------------------------------+---------+
; File Name with User-Entered Path ; Used in Netlist ; File Type                                   ; File Name with Absolute Path                                                 ; Library ;
+----------------------------------+-----------------+---------------------------------------------+------------------------------------------------------------------------------+---------+
; ../src/fpga_top.sv               ; yes             ; User SystemVerilog HDL File                 ; C:/Escuela/Neuronak_Network/src/fpga_top.sv                                  ;         ;
; ../src/fma_3.sv                  ; yes             ; User SystemVerilog HDL File                 ; C:/Escuela/Neuronak_Network/src/fma_3.sv                                     ;         ;
; ../src/neural_network_digits.sv  ; yes             ; User SystemVerilog HDL File                 ; C:/Escuela/Neuronak_Network/src/neural_network_digits.sv                     ;         ;
; biases.hex                       ; yes             ; Auto-Found Hexadecimal (Intel-Format) File  ; C:/Escuela/Neuronak_Network/proj_quartus/biases.hex                          ;         ;
; weights.hex                      ; yes             ; Auto-Found Hexadecimal (Intel-Format) File  ; C:/Escuela/Neuronak_Network/proj_quartus/weights.hex                         ;         ;
; altsyncram.tdf                   ; yes             ; Megafunction                                ; c:/altera_lite/25.1std/quartus/libraries/megafunctions/altsyncram.tdf        ;         ;
; stratix_ram_block.inc            ; yes             ; Megafunction                                ; c:/altera_lite/25.1std/quartus/libraries/megafunctions/stratix_ram_block.inc ;         ;
; lpm_mux.inc                      ; yes             ; Megafunction                                ; c:/altera_lite/25.1std/quartus/libraries/megafunctions/lpm_mux.inc           ;         ;
; lpm_decode.inc                   ; yes             ; Megafunction                                ; c:/altera_lite/25.1std/quartus/libraries/megafunctions/lpm_decode.inc        ;         ;
; aglobal251.inc                   ; yes             ; Megafunction                                ; c:/altera_lite/25.1std/quartus/libraries/megafunctions/aglobal251.inc        ;         ;
; a_rdenreg.inc                    ; yes             ; Megafunction                                ; c:/altera_lite/25.1std/quartus/libraries/megafunctions/a_rdenreg.inc         ;         ;
; altrom.inc                       ; yes             ; Megafunction                                ; c:/altera_lite/25.1std/quartus/libraries/megafunctions/altrom.inc            ;         ;
; altram.inc                       ; yes             ; Megafunction                                ; c:/altera_lite/25.1std/quartus/libraries/megafunctions/altram.inc            ;         ;
; altdpram.inc                     ; yes             ; Megafunction                                ; c:/altera_lite/25.1std/quartus/libraries/megafunctions/altdpram.inc          ;         ;
; db/altsyncram_egi1.tdf           ; yes             ; Auto-Generated Megafunction                 ; C:/Escuela/Neuronak_Network/proj_quartus/db/altsyncram_egi1.tdf              ;         ;
+----------------------------------+-----------------+---------------------------------------------+------------------------------------------------------------------------------+---------+


+---------------------------------------------------------+
; Analysis & Synthesis Resource Usage Summary             ;
+---------------------------------------------+-----------+
; Resource                                    ; Usage     ;
+---------------------------------------------+-----------+
; Estimate of Logic utilization (ALMs needed) ; 588       ;
;                                             ;           ;
; Combinational ALUT usage for logic          ; 742       ;
;     -- 7 input functions                    ; 29        ;
;     -- 6 input functions                    ; 374       ;
;     -- 5 input functions                    ; 81        ;
;     -- 4 input functions                    ; 70        ;
;     -- <=3 input functions                  ; 188       ;
;                                             ;           ;
; Dedicated logic registers                   ; 374       ;
;                                             ;           ;
; I/O pins                                    ; 14        ;
; Total MLAB memory bits                      ; 0         ;
; Total block memory bits                     ; 128       ;
;                                             ;           ;
; Total DSP Blocks                            ; 0         ;
;                                             ;           ;
; Maximum fan-out node                        ; clk~input ;
; Maximum fan-out                             ; 382       ;
; Total fan-out                               ; 4914      ;
; Average fan-out                             ; 4.27      ;
+---------------------------------------------+-----------+


+------------------------------------------------------------------------------------------------------------------------------------------------------------------------------------------------------------------------------------------------------------------------------------------+
; Analysis & Synthesis Resource Utilization by Entity                                                                                                                                                                                                                                      ;
+-------------------------------------------+---------------------+---------------------------+-------------------+------------+------+--------------+----------------------------------------------------------------------------------------------+-----------------------+--------------+
; Compilation Hierarchy Node                ; Combinational ALUTs ; Dedicated Logic Registers ; Block Memory Bits ; DSP Blocks ; Pins ; Virtual Pins ; Full Hierarchy Name                                                                          ; Entity Name           ; Library Name ;
+-------------------------------------------+---------------------+---------------------------+-------------------+------------+------+--------------+----------------------------------------------------------------------------------------------+-----------------------+--------------+
; |fpga_top                                 ; 742 (80)            ; 374 (267)                 ; 128               ; 0          ; 14   ; 0            ; |fpga_top                                                                                    ; fpga_top              ; work         ;
;    |neural_network_digits:uut|            ; 662 (459)           ; 107 (107)                 ; 128               ; 0          ; 0    ; 0            ; |fpga_top|neural_network_digits:uut                                                          ; neural_network_digits ; work         ;
;       |altsyncram:n_oculta_rtl_0|         ; 0 (0)               ; 0 (0)                     ; 128               ; 0          ; 0    ; 0            ; |fpga_top|neural_network_digits:uut|altsyncram:n_oculta_rtl_0                                ; altsyncram            ; work         ;
;          |altsyncram_egi1:auto_generated| ; 0 (0)               ; 0 (0)                     ; 128               ; 0          ; 0    ; 0            ; |fpga_top|neural_network_digits:uut|altsyncram:n_oculta_rtl_0|altsyncram_egi1:auto_generated ; altsyncram_egi1       ; work         ;
;       |fma_3:fmaxd|                       ; 203 (203)           ; 0 (0)                     ; 0                 ; 0          ; 0    ; 0            ; |fpga_top|neural_network_digits:uut|fma_3:fmaxd                                              ; fma_3                 ; work         ;
+-------------------------------------------+---------------------+---------------------------+-------------------+------------+------+--------------+----------------------------------------------------------------------------------------------+-----------------------+--------------+
Note: For table entries with two numbers listed, the numbers in parentheses indicate the number of resources of the given type used by the specific entity alone. The numbers listed outside of parentheses indicate the total resources of the given type used by the specific entity and all of its sub-entities in the hierarchy.


+---------------------------------------------------------------------------------------------------------------------------------------------------------------------------------------------------+
; Analysis & Synthesis RAM Summary                                                                                                                                                                  ;
+-----------------------------------------------------------------------------------------------+------+------------------+--------------+--------------+--------------+--------------+------+------+
; Name                                                                                          ; Type ; Mode             ; Port A Depth ; Port A Width ; Port B Depth ; Port B Width ; Size ; MIF  ;
+-----------------------------------------------------------------------------------------------+------+------------------+--------------+--------------+--------------+--------------+------+------+
; neural_network_digits:uut|altsyncram:n_oculta_rtl_0|altsyncram_egi1:auto_generated|ALTSYNCRAM ; AUTO ; Simple Dual Port ; 16           ; 8            ; 16           ; 8            ; 128  ; None ;
+-----------------------------------------------------------------------------------------------+------+------------------+--------------+--------------+--------------+--------------+------+------+


Encoding Type:  One-Hot
+---------------------------------------------------------------------------+
; State Machine - |fpga_top|neural_network_digits:uut|state                 ;
+-------------+----------+----------+------------+-------------+------------+
; Name        ; state.L2 ; state.L1 ; state.BIAS ; state.IDDLE ; state.DONE ;
+-------------+----------+----------+------------+-------------+------------+
; state.IDDLE ; 0        ; 0        ; 0          ; 0           ; 0          ;
; state.BIAS  ; 0        ; 0        ; 1          ; 1           ; 0          ;
; state.L1    ; 0        ; 1        ; 0          ; 1           ; 0          ;
; state.L2    ; 1        ; 0        ; 0          ; 1           ; 0          ;
; state.DONE  ; 0        ; 0        ; 0          ; 1           ; 1          ;
+-------------+----------+----------+------------+-------------+------------+


+--------------------------------------------------------------------------------+
; Registers Removed During Synthesis                                             ;
+---------------------------------------+----------------------------------------+
; Register name                         ; Reason for Removal                     ;
+---------------------------------------+----------------------------------------+
; neural_network_digits:uut|digit[4]    ; Stuck at GND due to stuck port data_in ;
; digit_out[4]~reg0                     ; Stuck at GND due to stuck port data_in ;
; neural_network_digits:uut|state~7     ; Lost fanout                            ;
; neural_network_digits:uut|state~8     ; Lost fanout                            ;
; Total Number of Removed Registers = 4 ;                                        ;
+---------------------------------------+----------------------------------------+


+---------------------------------------------------------------------------------------------------------+
; Removed Registers Triggering Further Register Optimizations                                             ;
+------------------------------------+---------------------------+----------------------------------------+
; Register name                      ; Reason for Removal        ; Registers Removed due to This Register ;
+------------------------------------+---------------------------+----------------------------------------+
; neural_network_digits:uut|digit[4] ; Stuck at GND              ; digit_out[4]~reg0                      ;
;                                    ; due to stuck port data_in ;                                        ;
+------------------------------------+---------------------------+----------------------------------------+


+------------------------------------------------------+
; General Register Statistics                          ;
+----------------------------------------------+-------+
; Statistic                                    ; Value ;
+----------------------------------------------+-------+
; Total registers                              ; 374   ;
; Number of registers using Synchronous Clear  ; 75    ;
; Number of registers using Synchronous Load   ; 23    ;
; Number of registers using Asynchronous Clear ; 0     ;
; Number of registers using Asynchronous Load  ; 0     ;
; Number of registers using Clock Enable       ; 321   ;
; Number of registers using Preset             ; 0     ;
+----------------------------------------------+-------+


+------------------------------------------------------------------------------------------------+
; Registers Added for RAM Pass-Through Logic                                                     ;
+-----------------------------------------------------+------------------------------------------+
; Register Name                                       ; RAM Name                                 ;
+-----------------------------------------------------+------------------------------------------+
; neural_network_digits:uut|n_oculta_rtl_0_bypass[0]  ; neural_network_digits:uut|n_oculta_rtl_0 ;
; neural_network_digits:uut|n_oculta_rtl_0_bypass[1]  ; neural_network_digits:uut|n_oculta_rtl_0 ;
; neural_network_digits:uut|n_oculta_rtl_0_bypass[2]  ; neural_network_digits:uut|n_oculta_rtl_0 ;
; neural_network_digits:uut|n_oculta_rtl_0_bypass[3]  ; neural_network_digits:uut|n_oculta_rtl_0 ;
; neural_network_digits:uut|n_oculta_rtl_0_bypass[4]  ; neural_network_digits:uut|n_oculta_rtl_0 ;
; neural_network_digits:uut|n_oculta_rtl_0_bypass[5]  ; neural_network_digits:uut|n_oculta_rtl_0 ;
; neural_network_digits:uut|n_oculta_rtl_0_bypass[6]  ; neural_network_digits:uut|n_oculta_rtl_0 ;
; neural_network_digits:uut|n_oculta_rtl_0_bypass[7]  ; neural_network_digits:uut|n_oculta_rtl_0 ;
; neural_network_digits:uut|n_oculta_rtl_0_bypass[8]  ; neural_network_digits:uut|n_oculta_rtl_0 ;
; neural_network_digits:uut|n_oculta_rtl_0_bypass[9]  ; neural_network_digits:uut|n_oculta_rtl_0 ;
; neural_network_digits:uut|n_oculta_rtl_0_bypass[10] ; neural_network_digits:uut|n_oculta_rtl_0 ;
; neural_network_digits:uut|n_oculta_rtl_0_bypass[11] ; neural_network_digits:uut|n_oculta_rtl_0 ;
; neural_network_digits:uut|n_oculta_rtl_0_bypass[12] ; neural_network_digits:uut|n_oculta_rtl_0 ;
; neural_network_digits:uut|n_oculta_rtl_0_bypass[13] ; neural_network_digits:uut|n_oculta_rtl_0 ;
; neural_network_digits:uut|n_oculta_rtl_0_bypass[14] ; neural_network_digits:uut|n_oculta_rtl_0 ;
; neural_network_digits:uut|n_oculta_rtl_0_bypass[15] ; neural_network_digits:uut|n_oculta_rtl_0 ;
; neural_network_digits:uut|n_oculta_rtl_0_bypass[16] ; neural_network_digits:uut|n_oculta_rtl_0 ;
+-----------------------------------------------------+------------------------------------------+


+---------------------------------------------------------------------------------------------------------------------------------------------------------------+
; Multiplexer Restructuring Statistics (Restructuring Performed)                                                                                                ;
+--------------------+-----------+---------------+----------------------+------------------------+------------+-------------------------------------------------+
; Multiplexer Inputs ; Bus Width ; Baseline Area ; Area if Restructured ; Saving if Restructured ; Registered ; Example Multiplexer Output                      ;
+--------------------+-----------+---------------+----------------------+------------------------+------------+-------------------------------------------------+
; 3:1                ; 4 bits    ; 8 LEs         ; 4 LEs                ; 4 LEs                  ; Yes        ; |fpga_top|neural_network_digits:uut|digit[1]    ;
; 3:1                ; 4 bits    ; 8 LEs         ; 4 LEs                ; 4 LEs                  ; Yes        ; |fpga_top|neural_network_digits:uut|i_m[0]      ;
; 3:1                ; 6 bits    ; 12 LEs        ; 6 LEs                ; 6 LEs                  ; Yes        ; |fpga_top|pixel_count[3]                        ;
; 4:1                ; 23 bits   ; 46 LEs        ; 0 LEs                ; 46 LEs                 ; Yes        ; |fpga_top|neural_network_digits:uut|sum[29]     ;
; 6:1                ; 32 bits   ; 128 LEs       ; 32 LEs               ; 96 LEs                 ; Yes        ; |fpga_top|neural_network_digits:uut|max[2]      ;
; 7:1                ; 4 bits    ; 16 LEs        ; 8 LEs                ; 8 LEs                  ; Yes        ; |fpga_top|neural_network_digits:uut|i_n[2]      ;
; 3:1                ; 8 bits    ; 16 LEs        ; 16 LEs               ; 0 LEs                  ; No         ; |fpga_top|neural_network_digits:uut|sat         ;
; 3:1                ; 4 bits    ; 8 LEs         ; 8 LEs                ; 0 LEs                  ; No         ; |fpga_top|neural_network_digits:uut|n_select[4] ;
; 8:1                ; 2 bits    ; 10 LEs        ; 8 LEs                ; 2 LEs                  ; No         ; |fpga_top|neural_network_digits:uut|state       ;
; 66:1               ; 4 bits    ; 176 LEs       ; 176 LEs              ; 0 LEs                  ; No         ; |fpga_top|neural_network_digits:uut|n_select[1] ;
+--------------------+-----------+---------------+----------------------+------------------------+------------+-------------------------------------------------+


+-----------------------------------------------------------------------------------------------------------+
; Source assignments for neural_network_digits:uut|altsyncram:n_oculta_rtl_0|altsyncram_egi1:auto_generated ;
+---------------------------------+--------------------+------+---------------------------------------------+
; Assignment                      ; Value              ; From ; To                                          ;
+---------------------------------+--------------------+------+---------------------------------------------+
; OPTIMIZE_POWER_DURING_SYNTHESIS ; NORMAL_COMPILATION ; -    ; -                                           ;
+---------------------------------+--------------------+------+---------------------------------------------+


+------------------------------------------------------------------------+
; Parameter Settings for User Entity Instance: neural_network_digits:uut ;
+-----------------------+-------+----------------------------------------+
; Parameter Name        ; Value ; Type                                   ;
+-----------------------+-------+----------------------------------------+
; IMAGE_PIXEL_WIDTH     ; 4     ; Signed Integer                         ;
; IMAGE_HORIZONTAL_SIZE ; 8     ; Signed Integer                         ;
; IMAGE_VERTICAL_SIZE   ; 8     ; Signed Integer                         ;
; DIGIT_WIDTH           ; 5     ; Signed Integer                         ;
+-----------------------+-------+----------------------------------------+
Note: In order to hide this table in the UI and the text report file, please set the "Show Parameter Settings in Synthesis Report" option in "Analysis and Synthesis Settings -> More Settings" to "Off".


+------------------------------------------------------------------------------------+
; Parameter Settings for User Entity Instance: neural_network_digits:uut|fma_3:fmaxd ;
+----------------+-------+-----------------------------------------------------------+
; Parameter Name ; Value ; Type                                                      ;
+----------------+-------+-----------------------------------------------------------+
; SRC1_WIDTH     ; 8     ; Signed Integer                                            ;
; SRC2_WIDTH     ; 9     ; Signed Integer                                            ;
; SRC3_WIDTH     ; 32    ; Signed Integer                                            ;
+----------------+-------+-----------------------------------------------------------+
Note: In order to hide this table in the UI and the text report file, please set the "Show Parameter Settings in Synthesis Report" option in "Analysis and Synthesis Settings -> More Settings" to "Off".


+------------------------------------------------------------------------------------------------------+
; Parameter Settings for Inferred Entity Instance: neural_network_digits:uut|altsyncram:n_oculta_rtl_0 ;
+------------------------------------+----------------------+------------------------------------------+
; Parameter Name                     ; Value                ; Type                                     ;
+------------------------------------+----------------------+------------------------------------------+
; BYTE_SIZE_BLOCK                    ; 8                    ; Untyped                                  ;
; AUTO_CARRY_CHAINS                  ; ON                   ; AUTO_CARRY                               ;
; IGNORE_CARRY_BUFFERS               ; OFF                  ; IGNORE_CARRY                             ;
; AUTO_CASCADE_CHAINS                ; ON                   ; AUTO_CASCADE                             ;
; IGNORE_CASCADE_BUFFERS             ; OFF                  ; IGNORE_CASCADE                           ;
; WIDTH_BYTEENA                      ; 1                    ; Untyped                                  ;
; OPERATION_MODE                     ; DUAL_PORT            ; Untyped                                  ;
; WIDTH_A                            ; 8                    ; Untyped                                  ;
; WIDTHAD_A                          ; 4                    ; Untyped                                  ;
; NUMWORDS_A                         ; 16                   ; Untyped                                  ;
; OUTDATA_REG_A                      ; UNREGISTERED         ; Untyped                                  ;
; ADDRESS_ACLR_A                     ; NONE                 ; Untyped                                  ;
; OUTDATA_ACLR_A                     ; NONE                 ; Untyped                                  ;
; WRCONTROL_ACLR_A                   ; NONE                 ; Untyped                                  ;
; INDATA_ACLR_A                      ; NONE                 ; Untyped                                  ;
; BYTEENA_ACLR_A                     ; NONE                 ; Untyped                                  ;
; WIDTH_B                            ; 8                    ; Untyped                                  ;
; WIDTHAD_B                          ; 4                    ; Untyped                                  ;
; NUMWORDS_B                         ; 16                   ; Untyped                                  ;
; INDATA_REG_B                       ; CLOCK1               ; Untyped                                  ;
; WRCONTROL_WRADDRESS_REG_B          ; CLOCK1               ; Untyped                                  ;
; RDCONTROL_REG_B                    ; CLOCK1               ; Untyped                                  ;
; ADDRESS_REG_B                      ; CLOCK0               ; Untyped                                  ;
; OUTDATA_REG_B                      ; UNREGISTERED         ; Untyped                                  ;
; BYTEENA_REG_B                      ; CLOCK1               ; Untyped                                  ;
; INDATA_ACLR_B                      ; NONE                 ; Untyped                                  ;
; WRCONTROL_ACLR_B                   ; NONE                 ; Untyped                                  ;
; ADDRESS_ACLR_B                     ; NONE                 ; Untyped                                  ;
; OUTDATA_ACLR_B                     ; NONE                 ; Untyped                                  ;
; RDCONTROL_ACLR_B                   ; NONE                 ; Untyped                                  ;
; BYTEENA_ACLR_B                     ; NONE                 ; Untyped                                  ;
; WIDTH_BYTEENA_A                    ; 1                    ; Untyped                                  ;
; WIDTH_BYTEENA_B                    ; 1                    ; Untyped                                  ;
; RAM_BLOCK_TYPE                     ; AUTO                 ; Untyped                                  ;
; BYTE_SIZE                          ; 8                    ; Untyped                                  ;
; READ_DURING_WRITE_MODE_MIXED_PORTS ; DONT_CARE            ; Untyped                                  ;
; READ_DURING_WRITE_MODE_PORT_A      ; NEW_DATA_NO_NBE_READ ; Untyped                                  ;
; READ_DURING_WRITE_MODE_PORT_B      ; NEW_DATA_NO_NBE_READ ; Untyped                                  ;
; INIT_FILE                          ; UNUSED               ; Untyped                                  ;
; INIT_FILE_LAYOUT                   ; PORT_A               ; Untyped                                  ;
; MAXIMUM_DEPTH                      ; 0                    ; Untyped                                  ;
; CLOCK_ENABLE_INPUT_A               ; NORMAL               ; Untyped                                  ;
; CLOCK_ENABLE_INPUT_B               ; NORMAL               ; Untyped                                  ;
; CLOCK_ENABLE_OUTPUT_A              ; NORMAL               ; Untyped                                  ;
; CLOCK_ENABLE_OUTPUT_B              ; NORMAL               ; Untyped                                  ;
; CLOCK_ENABLE_CORE_A                ; USE_INPUT_CLKEN      ; Untyped                                  ;
; CLOCK_ENABLE_CORE_B                ; USE_INPUT_CLKEN      ; Untyped                                  ;
; ENABLE_ECC                         ; FALSE                ; Untyped                                  ;
; ECC_PIPELINE_STAGE_ENABLED         ; FALSE                ; Untyped                                  ;
; WIDTH_ECCSTATUS                    ; 3                    ; Untyped                                  ;
; DEVICE_FAMILY                      ; Cyclone V            ; Untyped                                  ;
; CBXI_PARAMETER                     ; altsyncram_egi1      ; Untyped                                  ;
+------------------------------------+----------------------+------------------------------------------+
Note: In order to hide this table in the UI and the text report file, please set the "Show Parameter Settings in Synthesis Report" option in "Analysis and Synthesis Settings -> More Settings" to "Off".


+-------------------------------------------------------------------------------------------------+
; altsyncram Parameter Settings by Entity Instance                                                ;
+-------------------------------------------+-----------------------------------------------------+
; Name                                      ; Value                                               ;
+-------------------------------------------+-----------------------------------------------------+
; Number of entity instances                ; 1                                                   ;
; Entity Instance                           ; neural_network_digits:uut|altsyncram:n_oculta_rtl_0 ;
;     -- OPERATION_MODE                     ; DUAL_PORT                                           ;
;     -- WIDTH_A                            ; 8                                                   ;
;     -- NUMWORDS_A                         ; 16                                                  ;
;     -- OUTDATA_REG_A                      ; UNREGISTERED                                        ;
;     -- WIDTH_B                            ; 8                                                   ;
;     -- NUMWORDS_B                         ; 16                                                  ;
;     -- ADDRESS_REG_B                      ; CLOCK0                                              ;
;     -- OUTDATA_REG_B                      ; UNREGISTERED                                        ;
;     -- RAM_BLOCK_TYPE                     ; AUTO                                                ;
;     -- READ_DURING_WRITE_MODE_MIXED_PORTS ; DONT_CARE                                           ;
+-------------------------------------------+-----------------------------------------------------+


+-------------------------------------------------------------------+
; Port Connectivity Checks: "neural_network_digits:uut|fma_3:fmaxd" ;
+-----------+-------+----------+------------------------------------+
; Port      ; Type  ; Severity ; Details                            ;
+-----------+-------+----------+------------------------------------+
; srcb[8]   ; Input ; Info     ; Stuck at GND                       ;
; is_fma    ; Input ; Info     ; Stuck at VCC                       ;
; is_signed ; Input ; Info     ; Stuck at VCC                       ;
+-----------+-------+----------+------------------------------------+


+-----------------------------------------------------+
; Post-Synthesis Netlist Statistics for Top Partition ;
+-----------------------+-----------------------------+
; Type                  ; Count                       ;
+-----------------------+-----------------------------+
; arriav_ff             ; 374                         ;
;     ENA               ; 266                         ;
;     ENA SCLR          ; 32                          ;
;     ENA SCLR SLD      ; 23                          ;
;     SCLR              ; 20                          ;
;     plain             ; 33                          ;
; arriav_lcell_comb     ; 743                         ;
;     arith             ; 83                          ;
;         0 data inputs ; 2                           ;
;         1 data inputs ; 18                          ;
;         2 data inputs ; 50                          ;
;         3 data inputs ; 1                           ;
;         4 data inputs ; 10                          ;
;         5 data inputs ; 2                           ;
;     extend            ; 29                          ;
;         7 data inputs ; 29                          ;
;     normal            ; 631                         ;
;         0 data inputs ; 1                           ;
;         2 data inputs ; 64                          ;
;         3 data inputs ; 53                          ;
;         4 data inputs ; 60                          ;
;         5 data inputs ; 79                          ;
;         6 data inputs ; 374                         ;
; boundary_port         ; 14                          ;
; stratixv_ram_block    ; 8                           ;
;                       ;                             ;
; Max LUT depth         ; 17.40                       ;
; Average LUT depth     ; 12.06                       ;
+-----------------------+-----------------------------+


+-------------------------------+
; Elapsed Time Per Partition    ;
+----------------+--------------+
; Partition Name ; Elapsed Time ;
+----------------+--------------+
; Top            ; 00:00:04     ;
+----------------+--------------+


+-------------------------------+
; Analysis & Synthesis Messages ;
+-------------------------------+
Info: *******************************************************************
Info: Running Quartus Prime Analysis & Synthesis
    Info: Version 25.1std.0 Build 1129 10/21/2025 SC Lite Edition
    Info: Processing started: Thu Jul 16 20:53:07 2026
Info: Command: quartus_map --read_settings_files=on --write_settings_files=off Neuronak_Network -c Neuronak_Network
Warning (18236): Number of processors has not been specified which may cause overloading on shared machines.  Set the global assignment NUM_PARALLEL_PROCESSORS in your QSF to an appropriate value for best performance.
Info (20030): Parallel compilation is enabled and will use 4 of the 4 processors detected
Info (12021): Found 1 design units, including 1 entities, in source file /escuela/neuronak_network/src/fpga_top.sv
    Info (12023): Found entity 1: fpga_top File: C:/Escuela/Neuronak_Network/src/fpga_top.sv Line: 1
Info (12021): Found 1 design units, including 1 entities, in source file /escuela/neuronak_network/src/fma_3.sv
    Info (12023): Found entity 1: fma_3 File: C:/Escuela/Neuronak_Network/src/fma_3.sv Line: 1
Info (12021): Found 1 design units, including 1 entities, in source file /escuela/neuronak_network/src/wrapper.sv
    Info (12023): Found entity 1: wrapper File: C:/Escuela/Neuronak_Network/src/wrapper.sv Line: 1
Info (12021): Found 1 design units, including 1 entities, in source file /escuela/neuronak_network/src/neural_network_digits.sv
    Info (12023): Found entity 1: neural_network_digits File: C:/Escuela/Neuronak_Network/src/neural_network_digits.sv Line: 1
Info (12127): Elaborating entity "fpga_top" for the top level hierarchy
Info (10008): Verilog HDL or VHDL information: EDA Netlist Writer cannot regroup multidimensional array "image" into its bus
Info (12128): Elaborating entity "neural_network_digits" for hierarchy "neural_network_digits:uut" File: C:/Escuela/Neuronak_Network/src/fpga_top.sv Line: 69
Warning (10230): Verilog HDL assignment warning at neural_network_digits.sv(53): truncated value with size 32 to match size of target (7) File: C:/Escuela/Neuronak_Network/src/neural_network_digits.sv Line: 53
Warning (10230): Verilog HDL assignment warning at neural_network_digits.sv(54): truncated value with size 32 to match size of target (4) File: C:/Escuela/Neuronak_Network/src/neural_network_digits.sv Line: 54
Warning (10230): Verilog HDL assignment warning at neural_network_digits.sv(58): truncated value with size 32 to match size of target (11) File: C:/Escuela/Neuronak_Network/src/neural_network_digits.sv Line: 58
Warning (10030): Net "bias_rom.data_a" at neural_network_digits.sv(27) has no driver or initial value, using a default initial value '0' File: C:/Escuela/Neuronak_Network/src/neural_network_digits.sv Line: 27
Warning (10030): Net "bias_rom.waddr_a" at neural_network_digits.sv(27) has no driver or initial value, using a default initial value '0' File: C:/Escuela/Neuronak_Network/src/neural_network_digits.sv Line: 27
Warning (10030): Net "bias_rom.we_a" at neural_network_digits.sv(27) has no driver or initial value, using a default initial value '0' File: C:/Escuela/Neuronak_Network/src/neural_network_digits.sv Line: 27
Info (10008): Verilog HDL or VHDL information: EDA Netlist Writer cannot regroup multidimensional array "image" into its bus
Info (10008): Verilog HDL or VHDL information: EDA Netlist Writer cannot regroup multidimensional array "image" into its bus
Info (12128): Elaborating entity "fma_3" for hierarchy "neural_network_digits:uut|fma_3:fmaxd" File: C:/Escuela/Neuronak_Network/src/neural_network_digits.sv Line: 84
Info (10008): Verilog HDL or VHDL information: EDA Netlist Writer cannot regroup multidimensional array "stage" into its bus
Warning (276020): Inferred RAM node "neural_network_digits:uut|n_oculta_rtl_0" from synchronous design logic.  Pass-through logic has been added to match the read-during-write behavior of the original design.
Info (276014): Found 1 instances of uninferred RAM logic
    Info (276004): RAM logic "neural_network_digits:uut|bias_rom" is uninferred due to inappropriate RAM size File: C:/Escuela/Neuronak_Network/src/neural_network_digits.sv Line: 27
Critical Warning (127005): Memory depth (32) in the design file differs from memory depth (26) in the Memory Initialization File "C:/Escuela/Neuronak_Network/proj_quartus/db/Neuronak_Network.ram0_neural_network_digits_c4560811.hdl.mif" -- setting initial value for remaining addresses to 0
Info (19000): Inferred 1 megafunctions from design logic
    Info (276029): Inferred altsyncram megafunction from the following design logic: "neural_network_digits:uut|n_oculta_rtl_0" 
        Info (286033): Parameter OPERATION_MODE set to DUAL_PORT
        Info (286033): Parameter WIDTH_A set to 8
        Info (286033): Parameter WIDTHAD_A set to 4
        Info (286033): Parameter NUMWORDS_A set to 16
        Info (286033): Parameter WIDTH_B set to 8
        Info (286033): Parameter WIDTHAD_B set to 4
        Info (286033): Parameter NUMWORDS_B set to 16
        Info (286033): Parameter ADDRESS_ACLR_A set to NONE
        Info (286033): Parameter OUTDATA_REG_B set to UNREGISTERED
        Info (286033): Parameter ADDRESS_ACLR_B set to NONE
        Info (286033): Parameter OUTDATA_ACLR_B set to NONE
        Info (286033): Parameter ADDRESS_REG_B set to CLOCK0
        Info (286033): Parameter INDATA_ACLR_A set to NONE
        Info (286033): Parameter WRCONTROL_ACLR_A set to NONE
Info (12130): Elaborated megafunction instantiation "neural_network_digits:uut|altsyncram:n_oculta_rtl_0"
Info (12133): Instantiated megafunction "neural_network_digits:uut|altsyncram:n_oculta_rtl_0" with the following parameter:
    Info (12134): Parameter "OPERATION_MODE" = "DUAL_PORT"
    Info (12134): Parameter "WIDTH_A" = "8"
    Info (12134): Parameter "WIDTHAD_A" = "4"
    Info (12134): Parameter "NUMWORDS_A" = "16"
    Info (12134): Parameter "WIDTH_B" = "8"
    Info (12134): Parameter "WIDTHAD_B" = "4"
    Info (12134): Parameter "NUMWORDS_B" = "16"
    Info (12134): Parameter "ADDRESS_ACLR_A" = "NONE"
    Info (12134): Parameter "OUTDATA_REG_B" = "UNREGISTERED"
    Info (12134): Parameter "ADDRESS_ACLR_B" = "NONE"
    Info (12134): Parameter "OUTDATA_ACLR_B" = "NONE"
    Info (12134): Parameter "ADDRESS_REG_B" = "CLOCK0"
    Info (12134): Parameter "INDATA_ACLR_A" = "NONE"
    Info (12134): Parameter "WRCONTROL_ACLR_A" = "NONE"
Info (12021): Found 1 design units, including 1 entities, in source file db/altsyncram_egi1.tdf
    Info (12023): Found entity 1: altsyncram_egi1 File: C:/Escuela/Neuronak_Network/proj_quartus/db/altsyncram_egi1.tdf Line: 28
Warning (13024): Output pins are stuck at VCC or GND
    Warning (13410): Pin "digit_out[4]" is stuck at GND File: C:/Escuela/Neuronak_Network/src/fpga_top.sv Line: 75
Info (286030): Timing-Driven Synthesis is running
Info (17049): 2 registers lost all their fanouts during netlist optimizations.
Info (144001): Generated suppressed messages file C:/Escuela/Neuronak_Network/proj_quartus/output_files/Neuronak_Network.map.smsg
Info (16010): Generating hard_block partition "hard_block:auto_generated_inst"
    Info (16011): Adding 0 node(s), including 0 DDIO, 0 PLL, 0 transceiver and 0 LCELL
Info (21057): Implemented 1046 device resources after synthesis - the final resource count might be different
    Info (21058): Implemented 8 input pins
    Info (21059): Implemented 6 output pins
    Info (21061): Implemented 1024 logic cells
    Info (21064): Implemented 8 RAM segments
Info: Quartus Prime Analysis & Synthesis was successful. 0 errors, 11 warnings
    Info: Peak virtual memory: 4873 megabytes
    Info: Processing ended: Thu Jul 16 20:53:19 2026
    Info: Elapsed time: 00:00:12
    Info: Total CPU time (on all processors): 00:00:21


+------------------------------------------+
; Analysis & Synthesis Suppressed Messages ;
+------------------------------------------+
The suppressed messages can be found in C:/Escuela/Neuronak_Network/proj_quartus/output_files/Neuronak_Network.map.smsg.


